\BOOKMARK [1][-]{section.1}{\376\377\000E\000x\000e\000c\000u\000t\000i\000v\000e\000\040\000S\000u\000m\000m\000a\000r\000y}{}% 1
\BOOKMARK [1][-]{section.2}{\376\377\000S\000y\000s\000t\000e\000m\000\040\000A\000r\000c\000h\000i\000t\000e\000c\000t\000u\000r\000e}{}% 2
\BOOKMARK [2][-]{subsection.2.1}{\376\377\000F\000r\000o\000n\000t\000e\000n\000d\000\040\000C\000o\000m\000p\000o\000n\000e\000n\000t\000s}{section.2}% 3
\BOOKMARK [2][-]{subsection.2.2}{\376\377\000D\000e\000p\000l\000o\000y\000m\000e\000n\000t\000\040\000I\000n\000f\000r\000a\000s\000t\000r\000u\000c\000t\000u\000r\000e}{section.2}% 4
\BOOKMARK [1][-]{section.3}{\376\377\000P\000e\000n\000d\000i\000n\000g\000\040\000I\000m\000p\000l\000e\000m\000e\000n\000t\000a\000t\000i\000o\000n\000s}{}% 5
\BOOKMARK [2][-]{subsection.3.1}{\376\377\000B\000a\000c\000k\000e\000n\000d\000\040\000D\000e\000v\000e\000l\000o\000p\000m\000e\000n\000t}{section.3}% 6
\BOOKMARK [2][-]{subsection.3.2}{\376\377\000A\000I\000\040\000F\000e\000a\000t\000u\000r\000e\000s}{section.3}% 7
\BOOKMARK [1][-]{section.4}{\376\377\000S\000e\000a\000r\000c\000h\000\040\000E\000n\000g\000i\000n\000e\000\040\000A\000r\000c\000h\000i\000t\000e\000c\000t\000u\000r\000e}{}% 8
\BOOKMARK [2][-]{subsection.4.1}{\376\377\000C\000o\000r\000e\000\040\000C\000o\000m\000p\000o\000n\000e\000n\000t\000s}{section.4}% 9
\BOOKMARK [3][-]{subsubsection.4.1.1}{\376\377\000D\000o\000c\000u\000m\000e\000n\000t\000\040\000P\000r\000o\000c\000e\000s\000s\000i\000n\000g}{subsection.4.1}% 10
\BOOKMARK [3][-]{subsubsection.4.1.2}{\376\377\000Q\000u\000e\000r\000y\000\040\000P\000r\000o\000c\000e\000s\000s\000i\000n\000g}{subsection.4.1}% 11
\BOOKMARK [1][-]{section.5}{\376\377\000S\000e\000c\000u\000r\000i\000t\000y\000\040\000I\000m\000p\000l\000e\000m\000e\000n\000t\000a\000t\000i\000o\000n}{}% 12
\BOOKMARK [2][-]{subsection.5.1}{\376\377\000E\000n\000v\000i\000r\000o\000n\000m\000e\000n\000t\000\040\000C\000o\000n\000f\000i\000g\000u\000r\000a\000t\000i\000o\000n}{section.5}% 13
\BOOKMARK [2][-]{subsection.5.2}{\376\377\000S\000e\000c\000u\000r\000i\000t\000y\000\040\000H\000e\000a\000d\000e\000r\000s}{section.5}% 14
\BOOKMARK [1][-]{section.6}{\376\377\000F\000u\000t\000u\000r\000e\000\040\000R\000o\000a\000d\000m\000a\000p}{}% 15
\BOOKMARK [2][-]{subsection.6.1}{\376\377\000S\000h\000o\000r\000t\000-\000t\000e\000r\000m\000\040\000G\000o\000a\000l\000s}{section.6}% 16
\BOOKMARK [2][-]{subsection.6.2}{\376\377\000L\000o\000n\000g\000-\000t\000e\000r\000m\000\040\000G\000o\000a\000l\000s}{section.6}% 17
\BOOKMARK [1][-]{section.7}{\376\377\000E\000x\000e\000c\000u\000t\000i\000v\000e\000\040\000S\000u\000m\000m\000a\000r\000y}{}% 18
\BOOKMARK [1][-]{section.8}{\376\377\000P\000r\000o\000j\000e\000c\000t\000\040\000S\000i\000g\000n\000i\000f\000i\000c\000a\000n\000c\000e}{}% 19
\BOOKMARK [2][-]{subsection.8.1}{\376\377\000E\000n\000v\000i\000r\000o\000n\000m\000e\000n\000t\000a\000l\000\040\000I\000m\000p\000a\000c\000t}{section.8}% 20
\BOOKMARK [2][-]{subsection.8.2}{\376\377\000T\000e\000c\000h\000n\000o\000l\000o\000g\000i\000c\000a\000l\000\040\000I\000n\000n\000o\000v\000a\000t\000i\000o\000n}{section.8}% 21
\BOOKMARK [1][-]{section.9}{\376\377\000A\000I\000\040\000I\000n\000t\000e\000g\000r\000a\000t\000i\000o\000n\000\040\000F\000r\000a\000m\000e\000w\000o\000r\000k}{}% 22
\BOOKMARK [2][-]{subsection.9.1}{\376\377\000I\000B\000M\000\040\000A\000I\000\040\000C\000o\000m\000p\000o\000n\000e\000n\000t\000s}{section.9}% 23
\BOOKMARK [2][-]{subsection.9.2}{\376\377\000M\000a\000c\000h\000i\000n\000e\000\040\000L\000e\000a\000r\000n\000i\000n\000g\000\040\000P\000i\000p\000e\000l\000i\000n\000e}{section.9}% 24
\BOOKMARK [1][-]{section.10}{\376\377\000D\000a\000t\000a\000b\000a\000s\000e\000\040\000A\000r\000c\000h\000i\000t\000e\000c\000t\000u\000r\000e}{}% 25
\BOOKMARK [2][-]{subsection.10.1}{\376\377\000S\000t\000u\000d\000i\000o\000\040\0003\000T\000\040\000I\000n\000t\000e\000g\000r\000a\000t\000i\000o\000n}{section.10}% 26
\BOOKMARK [1][-]{section.11}{\376\377\000I\000m\000p\000l\000e\000m\000e\000n\000t\000a\000t\000i\000o\000n\000\040\000T\000i\000m\000e\000l\000i\000n\000e}{}% 27
\BOOKMARK [2][-]{subsection.11.1}{\376\377\000P\000h\000a\000s\000e\000\040\0001\000:\000\040\000I\000n\000f\000r\000a\000s\000t\000r\000u\000c\000t\000u\000r\000e\000\040\000S\000e\000t\000u\000p\000\040\000\050\000M\000o\000n\000t\000h\000s\000\040\0001\000-\0006\000\051}{section.11}% 28
\BOOKMARK [2][-]{subsection.11.2}{\376\377\000P\000h\000a\000s\000e\000\040\0002\000:\000\040\000C\000o\000r\000e\000\040\000D\000e\000v\000e\000l\000o\000p\000m\000e\000n\000t\000\040\000\050\000M\000o\000n\000t\000h\000s\000\040\0007\000-\0001\0002\000\051}{section.11}% 29
\BOOKMARK [2][-]{subsection.11.3}{\376\377\000P\000h\000a\000s\000e\000\040\0003\000:\000\040\000I\000n\000t\000e\000g\000r\000a\000t\000i\000o\000n\000\040\000a\000n\000d\000\040\000T\000e\000s\000t\000i\000n\000g\000\040\000\050\000M\000o\000n\000t\000h\000s\000\040\0001\0003\000-\0001\0008\000\051}{section.11}% 30
\BOOKMARK [1][-]{section.12}{\376\377\000M\000o\000d\000e\000l\000-\000B\000a\000s\000e\000d\000\040\000D\000e\000s\000i\000g\000n\000\040\000a\000n\000d\000\040\000T\000o\000o\000l\000s}{}% 31
\BOOKMARK [2][-]{subsection.12.1}{\376\377\000U\000M\000L\000-\000B\000a\000s\000e\000d\000\040\000S\000y\000s\000t\000e\000m\000\040\000D\000e\000s\000i\000g\000n}{section.12}% 32
\BOOKMARK [2][-]{subsection.12.2}{\376\377\000A\000u\000t\000o\000d\000e\000s\000k\000\040\000T\000e\000c\000h\000n\000o\000l\000o\000g\000y\000\040\000S\000t\000a\000c\000k}{section.12}% 33
\BOOKMARK [1][-]{section.13}{\376\377\000B\000u\000d\000g\000e\000t\000\040\000R\000e\000q\000u\000i\000r\000e\000m\000e\000n\000t\000s}{}% 34
\BOOKMARK [2][-]{subsection.13.1}{\376\377\000T\000e\000c\000h\000n\000o\000l\000o\000g\000y\000\040\000I\000n\000f\000r\000a\000s\000t\000r\000u\000c\000t\000u\000r\000e}{section.13}% 35
\BOOKMARK [2][-]{subsection.13.2}{\376\377\000P\000e\000r\000s\000o\000n\000n\000e\000l}{section.13}% 36
\BOOKMARK [2][-]{subsection.13.3}{\376\377\000R\000e\000s\000e\000a\000r\000c\000h\000\040\000a\000n\000d\000\040\000D\000e\000v\000e\000l\000o\000p\000m\000e\000n\000t}{section.13}% 37
\BOOKMARK [1][-]{section.14}{\376\377\000E\000x\000p\000e\000c\000t\000e\000d\000\040\000O\000u\000t\000c\000o\000m\000e\000s}{}% 38
\BOOKMARK [2][-]{subsection.14.1}{\376\377\000E\000n\000v\000i\000r\000o\000n\000m\000e\000n\000t\000a\000l\000\040\000I\000m\000p\000a\000c\000t}{section.14}% 39
\BOOKMARK [2][-]{subsection.14.2}{\376\377\000E\000c\000o\000n\000o\000m\000i\000c\000\040\000B\000e\000n\000e\000f\000i\000t\000s}{section.14}% 40
\BOOKMARK [1][-]{section.15}{\376\377\000S\000y\000s\000t\000e\000m\000\040\000A\000r\000c\000h\000i\000t\000e\000c\000t\000u\000r\000e}{}% 41
\BOOKMARK [2][-]{subsection.15.1}{\376\377\000T\000e\000c\000h\000n\000i\000c\000a\000l\000\040\000O\000v\000e\000r\000v\000i\000e\000w}{section.15}% 42
\BOOKMARK [1][-]{section.16}{\376\377\000S\000y\000s\000t\000e\000m\000\040\000D\000i\000a\000g\000r\000a\000m\000s}{}% 43
\BOOKMARK [2][-]{subsection.16.1}{\376\377\000C\000l\000a\000s\000s\000\040\000D\000i\000a\000g\000r\000a\000m}{section.16}% 44
\BOOKMARK [2][-]{subsection.16.2}{\376\377\000S\000e\000q\000u\000e\000n\000c\000e\000\040\000D\000i\000a\000g\000r\000a\000m}{section.16}% 45
\BOOKMARK [1][-]{section.17}{\376\377\000T\000e\000c\000h\000n\000i\000c\000a\000l\000\040\000R\000e\000q\000u\000i\000r\000e\000m\000e\000n\000t\000s}{}% 46
\BOOKMARK [2][-]{subsection.17.1}{\376\377\000D\000e\000p\000e\000n\000d\000e\000n\000c\000i\000e\000s}{section.17}% 47
\BOOKMARK [2][-]{subsection.17.2}{\376\377\000I\000n\000f\000r\000a\000s\000t\000r\000u\000c\000t\000u\000r\000e\000\040\000R\000e\000q\000u\000i\000r\000e\000m\000e\000n\000t\000s}{section.17}% 48
\BOOKMARK [1][-]{section.18}{\376\377\000O\000p\000t\000i\000m\000i\000z\000a\000t\000i\000o\000n\000\040\000S\000t\000r\000a\000t\000e\000g\000i\000e\000s}{}% 49
\BOOKMARK [2][-]{subsection.18.1}{\376\377\000P\000e\000r\000f\000o\000r\000m\000a\000n\000c\000e\000\040\000O\000p\000t\000i\000m\000i\000z\000a\000t\000i\000o\000n}{section.18}% 50
\BOOKMARK [2][-]{subsection.18.2}{\376\377\000Q\000u\000a\000l\000i\000t\000y\000\040\000A\000s\000s\000u\000r\000a\000n\000c\000e}{section.18}% 51
\BOOKMARK [1][-]{section.19}{\376\377\000E\000n\000v\000i\000r\000o\000n\000m\000e\000n\000t\000a\000l\000\040\000I\000m\000p\000a\000c\000t\000\040\000A\000n\000a\000l\000y\000s\000i\000s}{}% 52
\BOOKMARK [2][-]{subsection.19.1}{\376\377\000C\000a\000r\000b\000o\000n\000\040\000F\000o\000o\000t\000p\000r\000i\000n\000t\000\040\000R\000e\000d\000u\000c\000t\000i\000o\000n}{section.19}% 53
\BOOKMARK [2][-]{subsection.19.2}{\376\377\000W\000a\000s\000t\000e\000\040\000R\000e\000d\000u\000c\000t\000i\000o\000n\000\040\000M\000e\000c\000h\000a\000n\000i\000s\000m\000s}{section.19}% 54
\BOOKMARK [3][-]{subsubsection.19.2.1}{\376\377\000M\000a\000t\000e\000r\000i\000a\000l\000\040\000R\000e\000c\000o\000v\000e\000r\000y}{subsection.19.2}% 55
\BOOKMARK [3][-]{subsubsection.19.2.2}{\376\377\000E\000n\000e\000r\000g\000y\000\040\000R\000e\000c\000o\000v\000e\000r\000y}{subsection.19.2}% 56
\BOOKMARK [2][-]{subsection.19.3}{\376\377\000E\000c\000o\000-\000F\000r\000i\000e\000n\000d\000l\000y\000\040\000O\000p\000e\000r\000a\000t\000i\000o\000n\000s}{section.19}% 57
\BOOKMARK [3][-]{subsubsection.19.3.1}{\376\377\000E\000l\000e\000c\000t\000r\000i\000c\000\040\000P\000o\000w\000e\000r\000t\000r\000a\000i\000n\000\040\000E\000f\000f\000i\000c\000i\000e\000n\000c\000y}{subsection.19.3}% 58
\BOOKMARK [3][-]{subsubsection.19.3.2}{\376\377\000O\000p\000t\000i\000m\000a\000l\000\040\000S\000p\000e\000e\000d\000\040\000P\000r\000o\000f\000i\000l\000e}{subsection.19.3}% 59
\BOOKMARK [2][-]{subsection.19.4}{\376\377\000G\000l\000o\000b\000a\000l\000\040\000W\000a\000r\000m\000i\000n\000g\000\040\000I\000m\000p\000a\000c\000t}{section.19}% 60
\BOOKMARK [3][-]{subsubsection.19.4.1}{\376\377\000G\000r\000e\000e\000n\000h\000o\000u\000s\000e\000\040\000G\000a\000s\000\040\000R\000e\000d\000u\000c\000t\000i\000o\000n}{subsection.19.4}% 61
\BOOKMARK [3][-]{subsubsection.19.4.2}{\376\377\000L\000i\000f\000e\000\040\000C\000y\000c\000l\000e\000\040\000A\000s\000s\000e\000s\000s\000m\000e\000n\000t}{subsection.19.4}% 62
\BOOKMARK [2][-]{subsection.19.5}{\376\377\000S\000m\000a\000r\000t\000\040\000E\000n\000e\000r\000g\000y\000\040\000M\000a\000n\000a\000g\000e\000m\000e\000n\000t}{section.19}% 63
\BOOKMARK [3][-]{subsubsection.19.5.1}{\376\377\000D\000y\000n\000a\000m\000i\000c\000\040\000P\000o\000w\000e\000r\000\040\000D\000i\000s\000t\000r\000i\000b\000u\000t\000i\000o\000n}{subsection.19.5}% 64
\BOOKMARK [3][-]{subsubsection.19.5.2}{\376\377\000T\000h\000e\000r\000m\000a\000l\000\040\000M\000a\000n\000a\000g\000e\000m\000e\000n\000t}{subsection.19.5}% 65
\BOOKMARK [1][-]{section.20}{\376\377\000C\000o\000n\000c\000l\000u\000s\000i\000o\000n}{}% 66
